{"numFailedTestSuites":4,"numFailedTests":0,"numPassedTestSuites":0,"numPassedTests":0,"numPendingTestSuites":0,"numPendingTests":0,"numRuntimeErrorTestSuites":4,"numTodoTests":0,"numTotalTestSuites":4,"numTotalTests":0,"openHandles":[],"snapshot":{"added":0,"didUpdate":false,"failure":false,"filesAdded":0,"filesRemoved":0,"filesRemovedList":[],"filesUnmatched":0,"filesUpdated":0,"matched":0,"total":0,"unchecked":0,"uncheckedKeysByFile":[],"unmatched":0,"updated":0},"startTime":1631022690856,"success":false,"testResults":[{"assertionResults":[],"coverage":{},"endTime":1631022691748,"message":"  ● Test suite failed to run\n\n    TypeError: Jest: a transform must export a `process` function.\n\n      at ScriptTransformer._getTransformer (../../../../node_modules/jest-runtime/node_modules/@jest/transform/build/ScriptTransformer.js:360:13)\n","name":"/Users/ankit.agarwal/Documents/mygit/mono-repo/code/packages/libs/react-components/src/components/button/__tests__/index.tsx","startTime":1631022691748,"status":"failed","summary":""},{"assertionResults":[],"coverage":{},"endTime":1631022691748,"message":"  ● Test suite failed to run\n\n    TypeError: Jest: a transform must export a `process` function.\n\n      at ScriptTransformer._getTransformer (../../../../node_modules/jest-runtime/node_modules/@jest/transform/build/ScriptTransformer.js:360:13)\n","name":"/Users/ankit.agarwal/Documents/mygit/mono-repo/code/packages/libs/react-components/src/components/ui-provider/__tests__/index.tsx","startTime":1631022691748,"status":"failed","summary":""},{"assertionResults":[],"coverage":{},"endTime":1631022691748,"message":"  ● Test suite failed to run\n\n    TypeError: Jest: a transform must export a `process` function.\n\n      at ScriptTransformer._getTransformer (../../../../node_modules/jest-runtime/node_modules/@jest/transform/build/ScriptTransformer.js:360:13)\n","name":"/Users/ankit.agarwal/Documents/mygit/mono-repo/code/packages/libs/react-components/src/hooks/__tests__/index.tsx","startTime":1631022691748,"status":"failed","summary":""},{"assertionResults":[],"coverage":{},"endTime":1631022691748,"message":"  ● Test suite failed to run\n\n    TypeError: Jest: a transform must export a `process` function.\n\n      at ScriptTransformer._getTransformer (../../../../node_modules/jest-runtime/node_modules/@jest/transform/build/ScriptTransformer.js:360:13)\n","name":"/Users/ankit.agarwal/Documents/mygit/mono-repo/code/packages/libs/react-components/src/components/switcher/__tests__/index.tsx","startTime":1631022691748,"status":"failed","summary":""}],"wasInterrupted":false,"coverageMap":{}}